This is pdfTeX, Version 3.1415926-2.3-1.40.12 (MiKTeX 2.9) (preloaded format=pdflatex 2012.1.31)  13 MAY 2012 02:54
entering extended mode
**C:/Users/Jared/Dropbox/GIS*Data*REL/SDP/ToolkitSDPdatabuildingtasks.tex
("C:/Users/Jared/Dropbox/GIS Data REL/SDP/ToolkitSDPdatabuildingtasks.tex"
LaTeX2e <2011/06/27>
Babel <v3.8m> and hyphenation patterns for english, afrikaans, ancientgreek, ar
abic, armenian, assamese, basque, bengali, bokmal, bulgarian, catalan, coptic, 
croatian, czech, danish, dutch, esperanto, estonian, farsi, finnish, french, ga
lician, german, german-x-2009-06-19, greek, gujarati, hindi, hungarian, iceland
ic, indonesian, interlingua, irish, italian, kannada, kurmanji, lao, latin, lat
vian, lithuanian, malayalam, marathi, mongolian, mongolianlmc, monogreek, ngerm
an, ngerman-x-2009-06-19, nynorsk, oriya, panjabi, pinyin, polish, portuguese, 
romanian, russian, sanskrit, serbian, slovak, slovenian, spanish, swedish, swis
sgerman, tamil, telugu, turkish, turkmen, ukenglish, ukrainian, uppersorbian, u
senglishmax, welsh, loaded.
("C:\Program Files (x86)\MikTex\tex\latex\base\article.cls"
Document Class: article 2007/10/19 v1.4h Standard LaTeX document class
("C:\Program Files (x86)\MikTex\tex\latex\base\size12.clo"
File: size12.clo 2007/10/19 v1.4h Standard LaTeX file (size option)
)
\c@part=\count79
\c@section=\count80
\c@subsection=\count81
\c@subsubsection=\count82
\c@paragraph=\count83
\c@subparagraph=\count84
\c@figure=\count85
\c@table=\count86
\abovecaptionskip=\skip41
\belowcaptionskip=\skip42
\bibindent=\dimen102
) ("C:\Program Files (x86)\MikTex\tex\latex\graphics\graphicx.sty"
Package: graphicx 1999/02/16 v1.0f Enhanced LaTeX Graphics (DPC,SPQR)
("C:\Program Files (x86)\MikTex\tex\latex\graphics\keyval.sty"
Package: keyval 1999/03/16 v1.13 key=value parser (DPC)
\KV@toks@=\toks14
) ("C:\Program Files (x86)\MikTex\tex\latex\graphics\graphics.sty"
Package: graphics 2009/02/05 v1.0o Standard LaTeX Graphics (DPC,SPQR)
("C:\Program Files (x86)\MikTex\tex\latex\graphics\trig.sty"
Package: trig 1999/03/16 v1.09 sin cos tan (DPC)
) ("C:\Program Files (x86)\MikTex\tex\latex\00miktex\graphics.cfg"
File: graphics.cfg 2007/01/18 v1.5 graphics configuration of teTeX/TeXLive
)
Package graphics Info: Driver file: pdftex.def on input line 91.
("C:\Program Files (x86)\MikTex\tex\latex\pdftex-def\pdftex.def"
File: pdftex.def 2011/05/27 v0.06d Graphics/color for pdfTeX
("C:\Program Files (x86)\MikTex\tex\generic\oberdiek\infwarerr.sty"
Package: infwarerr 2010/04/08 v1.3 Providing info/warning/message (HO)
) ("C:\Program Files (x86)\MikTex\tex\generic\oberdiek\ltxcmds.sty"
Package: ltxcmds 2011/04/18 v1.20 LaTeX kernel commands for general use (HO)
)
\Gread@gobject=\count87
))
\Gin@req@height=\dimen103
\Gin@req@width=\dimen104
) ("C:\Program Files (x86)\MikTex\tex\latex\graphics\color.sty"
Package: color 2005/11/14 v1.0j Standard LaTeX Color (DPC)
("C:\Program Files (x86)\MikTex\tex\latex\00miktex\color.cfg"
File: color.cfg 2007/01/18 v1.5 color configuration of teTeX/TeXLive
)
Package color Info: Driver file: pdftex.def on input line 130.
) (C:/PROGRA~1/R/R-215~1.0/share/texmf/tex/latex\upquote.sty
Package: upquote 2003/08/11 v1.1 Covington's upright-quote modification to verb
atim and verb
("C:\Program Files (x86)\MikTex\tex\latex\base\textcomp.sty"
Package: textcomp 2005/09/27 v1.99g Standard LaTeX package
Package textcomp Info: Sub-encoding information:
(textcomp)               5 = only ISO-Adobe without \textcurrency
(textcomp)               4 = 5 + \texteuro
(textcomp)               3 = 4 + \textohm
(textcomp)               2 = 3 + \textestimated + \textcurrency
(textcomp)               1 = TS1 - \textcircled - \t
(textcomp)               0 = TS1 (full)
(textcomp)             Font families with sub-encoding setting implement
(textcomp)             only a restricted character set as indicated.
(textcomp)             Family '?' is the default used for unknown fonts.
(textcomp)             See the documentation for details.
Package textcomp Info: Setting ? sub-encoding to TS1/1 on input line 71.
("C:\Program Files (x86)\MikTex\tex\latex\base\ts1enc.def"
File: ts1enc.def 2001/06/05 v3.0e (jk/car/fm) Standard LaTeX file
)
LaTeX Info: Redefining \oldstylenums on input line 266.
Package textcomp Info: Setting cmr sub-encoding to TS1/0 on input line 281.
Package textcomp Info: Setting cmss sub-encoding to TS1/0 on input line 282.
Package textcomp Info: Setting cmtt sub-encoding to TS1/0 on input line 283.
Package textcomp Info: Setting cmvtt sub-encoding to TS1/0 on input line 284.
Package textcomp Info: Setting cmbr sub-encoding to TS1/0 on input line 285.
Package textcomp Info: Setting cmtl sub-encoding to TS1/0 on input line 286.
Package textcomp Info: Setting ccr sub-encoding to TS1/0 on input line 287.
Package textcomp Info: Setting ptm sub-encoding to TS1/4 on input line 288.
Package textcomp Info: Setting pcr sub-encoding to TS1/4 on input line 289.
Package textcomp Info: Setting phv sub-encoding to TS1/4 on input line 290.
Package textcomp Info: Setting ppl sub-encoding to TS1/3 on input line 291.
Package textcomp Info: Setting pag sub-encoding to TS1/4 on input line 292.
Package textcomp Info: Setting pbk sub-encoding to TS1/4 on input line 293.
Package textcomp Info: Setting pnc sub-encoding to TS1/4 on input line 294.
Package textcomp Info: Setting pzc sub-encoding to TS1/4 on input line 295.
Package textcomp Info: Setting bch sub-encoding to TS1/4 on input line 296.
Package textcomp Info: Setting put sub-encoding to TS1/5 on input line 297.
Package textcomp Info: Setting uag sub-encoding to TS1/5 on input line 298.
Package textcomp Info: Setting ugq sub-encoding to TS1/5 on input line 299.
Package textcomp Info: Setting ul8 sub-encoding to TS1/4 on input line 300.
Package textcomp Info: Setting ul9 sub-encoding to TS1/4 on input line 301.
Package textcomp Info: Setting augie sub-encoding to TS1/5 on input line 302.
Package textcomp Info: Setting dayrom sub-encoding to TS1/3 on input line 303.
Package textcomp Info: Setting dayroms sub-encoding to TS1/3 on input line 304.

Package textcomp Info: Setting pxr sub-encoding to TS1/0 on input line 305.
Package textcomp Info: Setting pxss sub-encoding to TS1/0 on input line 306.
Package textcomp Info: Setting pxtt sub-encoding to TS1/0 on input line 307.
Package textcomp Info: Setting txr sub-encoding to TS1/0 on input line 308.
Package textcomp Info: Setting txss sub-encoding to TS1/0 on input line 309.
Package textcomp Info: Setting txtt sub-encoding to TS1/0 on input line 310.
Package textcomp Info: Setting lmr sub-encoding to TS1/0 on input line 311.
Package textcomp Info: Setting lmdh sub-encoding to TS1/0 on input line 312.
Package textcomp Info: Setting lmss sub-encoding to TS1/0 on input line 313.
Package textcomp Info: Setting lmssq sub-encoding to TS1/0 on input line 314.
Package textcomp Info: Setting lmvtt sub-encoding to TS1/0 on input line 315.
Package textcomp Info: Setting qhv sub-encoding to TS1/0 on input line 316.
Package textcomp Info: Setting qag sub-encoding to TS1/0 on input line 317.
Package textcomp Info: Setting qbk sub-encoding to TS1/0 on input line 318.
Package textcomp Info: Setting qcr sub-encoding to TS1/0 on input line 319.
Package textcomp Info: Setting qcs sub-encoding to TS1/0 on input line 320.
Package textcomp Info: Setting qpl sub-encoding to TS1/0 on input line 321.
Package textcomp Info: Setting qtm sub-encoding to TS1/0 on input line 322.
Package textcomp Info: Setting qzc sub-encoding to TS1/0 on input line 323.
Package textcomp Info: Setting qhvc sub-encoding to TS1/0 on input line 324.
Package textcomp Info: Setting futs sub-encoding to TS1/4 on input line 325.
Package textcomp Info: Setting futx sub-encoding to TS1/4 on input line 326.
Package textcomp Info: Setting futj sub-encoding to TS1/4 on input line 327.
Package textcomp Info: Setting hlh sub-encoding to TS1/3 on input line 328.
Package textcomp Info: Setting hls sub-encoding to TS1/3 on input line 329.
Package textcomp Info: Setting hlst sub-encoding to TS1/3 on input line 330.
Package textcomp Info: Setting hlct sub-encoding to TS1/5 on input line 331.
Package textcomp Info: Setting hlx sub-encoding to TS1/5 on input line 332.
Package textcomp Info: Setting hlce sub-encoding to TS1/5 on input line 333.
Package textcomp Info: Setting hlcn sub-encoding to TS1/5 on input line 334.
Package textcomp Info: Setting hlcw sub-encoding to TS1/5 on input line 335.
Package textcomp Info: Setting hlcf sub-encoding to TS1/5 on input line 336.
Package textcomp Info: Setting pplx sub-encoding to TS1/3 on input line 337.
Package textcomp Info: Setting pplj sub-encoding to TS1/3 on input line 338.
Package textcomp Info: Setting ptmx sub-encoding to TS1/4 on input line 339.
Package textcomp Info: Setting ptmj sub-encoding to TS1/4 on input line 340.
))
\hlnormalsizeboxclosebrace=\box26
\hlnormalsizeboxopenbrace=\box27
\hlnormalsizeboxbackslash=\box28
\hlnormalsizeboxlessthan=\box29
\hlnormalsizeboxgreaterthan=\box30
\hlnormalsizeboxdollar=\box31
\hlnormalsizeboxunderscore=\box32
\hlnormalsizeboxand=\box33
\hlnormalsizeboxhash=\box34
\hlnormalsizeboxat=\box35
\hlnormalsizeboxpercent=\box36
\hlnormalsizeboxhat=\box37
\hlnormalsizeboxsinglequote=\box38
\hlnormalsizeboxbacktick=\box39
LaTeX Font Info:    Try loading font information for TS1+cmtt on input line 51.

("C:\Program Files (x86)\MikTex\tex\latex\base\ts1cmtt.fd"
File: ts1cmtt.fd 1999/05/25 v2.5h Standard LaTeX font definitions
)
\hltinyboxclosebrace=\box40
\hltinyboxopenbrace=\box41
\hltinyboxbackslash=\box42
\hltinyboxlessthan=\box43
\hltinyboxgreaterthan=\box44
\hltinyboxdollar=\box45
\hltinyboxunderscore=\box46
\hltinyboxand=\box47
\hltinyboxhash=\box48
\hltinyboxat=\box49
\hltinyboxpercent=\box50
\hltinyboxhat=\box51
\hltinyboxsinglequote=\box52
\hltinyboxbacktick=\box53
\hlscriptsizeboxclosebrace=\box54
\hlscriptsizeboxopenbrace=\box55
\hlscriptsizeboxbackslash=\box56
\hlscriptsizeboxlessthan=\box57
\hlscriptsizeboxgreaterthan=\box58
\hlscriptsizeboxdollar=\box59
\hlscriptsizeboxunderscore=\box60
\hlscriptsizeboxand=\box61
\hlscriptsizeboxhash=\box62
\hlscriptsizeboxat=\box63
\hlscriptsizeboxpercent=\box64
\hlscriptsizeboxhat=\box65
\hlscriptsizeboxsinglequote=\box66
\hlscriptsizeboxbacktick=\box67
\hlfootnotesizeboxclosebrace=\box68
\hlfootnotesizeboxopenbrace=\box69
\hlfootnotesizeboxbackslash=\box70
\hlfootnotesizeboxlessthan=\box71
\hlfootnotesizeboxgreaterthan=\box72
\hlfootnotesizeboxdollar=\box73
\hlfootnotesizeboxunderscore=\box74
\hlfootnotesizeboxand=\box75
\hlfootnotesizeboxhash=\box76
\hlfootnotesizeboxat=\box77
\hlfootnotesizeboxpercent=\box78
\hlfootnotesizeboxhat=\box79
\hlfootnotesizeboxsinglequote=\box80
\hlfootnotesizeboxbacktick=\box81
\hlsmallboxclosebrace=\box82
\hlsmallboxopenbrace=\box83
\hlsmallboxbackslash=\box84
\hlsmallboxlessthan=\box85
\hlsmallboxgreaterthan=\box86
\hlsmallboxdollar=\box87
\hlsmallboxunderscore=\box88
\hlsmallboxand=\box89
\hlsmallboxhash=\box90
\hlsmallboxat=\box91
\hlsmallboxpercent=\box92
\hlsmallboxhat=\box93
\hlsmallboxsinglequote=\box94
\hlsmallboxbacktick=\box95
\hllargeboxclosebrace=\box96
\hllargeboxopenbrace=\box97
\hllargeboxbackslash=\box98
\hllargeboxlessthan=\box99
\hllargeboxgreaterthan=\box100
\hllargeboxdollar=\box101
\hllargeboxunderscore=\box102
\hllargeboxand=\box103
\hllargeboxhash=\box104
\hllargeboxat=\box105
\hllargeboxpercent=\box106
\hllargeboxhat=\box107
\hllargeboxsinglequote=\box108
\hllargeboxbacktick=\box109
\hlLargeboxclosebrace=\box110
\hlLargeboxopenbrace=\box111
\hlLargeboxbackslash=\box112
\hlLargeboxlessthan=\box113
\hlLargeboxgreaterthan=\box114
\hlLargeboxdollar=\box115
\hlLargeboxunderscore=\box116
\hlLargeboxand=\box117
\hlLargeboxhash=\box118
\hlLargeboxat=\box119
\hlLargeboxpercent=\box120
\hlLargeboxhat=\box121
\hlLargeboxsinglequote=\box122
\hlLargeboxbacktick=\box123
\hlLARGEboxclosebrace=\box124
\hlLARGEboxopenbrace=\box125
\hlLARGEboxbackslash=\box126
\hlLARGEboxlessthan=\box127
\hlLARGEboxgreaterthan=\box128
\hlLARGEboxdollar=\box129
\hlLARGEboxunderscore=\box130
\hlLARGEboxand=\box131
\hlLARGEboxhash=\box132
\hlLARGEboxat=\box133
\hlLARGEboxpercent=\box134
\hlLARGEboxhat=\box135
\hlLARGEboxsinglequote=\box136
\hlLARGEboxbacktick=\box137
\hlhugeboxclosebrace=\box138
\hlhugeboxopenbrace=\box139
\hlhugeboxbackslash=\box140
\hlhugeboxlessthan=\box141
\hlhugeboxgreaterthan=\box142
\hlhugeboxdollar=\box143
\hlhugeboxunderscore=\box144
\hlhugeboxand=\box145
\hlhugeboxhash=\box146
\hlhugeboxat=\box147
\hlhugeboxpercent=\box148
\hlhugeboxhat=\box149
\hlhugeboxsinglequote=\box150
\hlhugeboxbacktick=\box151
\hlHugeboxclosebrace=\box152
\hlHugeboxopenbrace=\box153
\hlHugeboxbackslash=\box154
\hlHugeboxlessthan=\box155
\hlHugeboxgreaterthan=\box156
\hlHugeboxdollar=\box157
\hlHugeboxunderscore=\box158
\hlHugeboxand=\box159
\hlHugeboxhash=\box160
\hlHugeboxat=\box161
\hlHugeboxpercent=\box162
\hlHugeboxhat=\box163
\hlHugeboxsinglequote=\box164
\hlHugeboxbacktick=\box165
("C:\Program Files (x86)\MikTex\tex\latex\framed\framed.sty"
Package: framed 2007/10/04 v 0.95: framed or shaded text with page breaks
\fb@frw=\dimen105
\fb@frh=\dimen106
\FrameRule=\dimen107
\FrameSep=\dimen108
) ("C:\Program Files (x86)\MikTex\tex\latex\base\fontenc.sty"
Package: fontenc 2005/09/27 v1.99g Standard LaTeX package
("C:\Program Files (x86)\MikTex\tex\latex\base\ot1enc.def"
File: ot1enc.def 2005/09/27 v1.99g Standard LaTeX file
LaTeX Font Info:    Redeclaring font encoding OT1 on input line 43.
)) ("C:\Program Files (x86)\MikTex\tex\latex\amsfonts\amsfonts.sty"
Package: amsfonts 2009/06/22 v3.00 Basic AMSFonts support
\@emptytoks=\toks15
\symAMSa=\mathgroup4
\symAMSb=\mathgroup5
LaTeX Font Info:    Overwriting math alphabet `\mathfrak' in version `bold'
(Font)                  U/euf/m/n --> U/euf/b/n on input line 96.
) ("C:\Program Files (x86)\MikTex\tex\latex\ams\math\amsmath.sty"
Package: amsmath 2000/07/18 v2.13 AMS math features
\@mathmargin=\skip43
For additional information on amsmath, use the `?' option.
("C:\Program Files (x86)\MikTex\tex\latex\ams\math\amstext.sty"
Package: amstext 2000/06/29 v2.01
("C:\Program Files (x86)\MikTex\tex\latex\ams\math\amsgen.sty"
File: amsgen.sty 1999/11/30 v2.0
\@emptytoks=\toks16
\ex@=\dimen109
)) ("C:\Program Files (x86)\MikTex\tex\latex\ams\math\amsbsy.sty"
Package: amsbsy 1999/11/29 v1.2d
\pmbraise@=\dimen110
) ("C:\Program Files (x86)\MikTex\tex\latex\ams\math\amsopn.sty"
Package: amsopn 1999/12/14 v2.01 operator names
)
\inf@bad=\count88
LaTeX Info: Redefining \frac on input line 211.
\uproot@=\count89
\leftroot@=\count90
LaTeX Info: Redefining \overline on input line 307.
\classnum@=\count91
\DOTSCASE@=\count92
LaTeX Info: Redefining \ldots on input line 379.
LaTeX Info: Redefining \dots on input line 382.
LaTeX Info: Redefining \cdots on input line 467.
\Mathstrutbox@=\box166
\strutbox@=\box167
\big@size=\dimen111
LaTeX Font Info:    Redeclaring font encoding OML on input line 567.
LaTeX Font Info:    Redeclaring font encoding OMS on input line 568.
\macc@depth=\count93
\c@MaxMatrixCols=\count94
\dotsspace@=\muskip10
\c@parentequation=\count95
\dspbrk@lvl=\count96
\tag@help=\toks17
\row@=\count97
\column@=\count98
\maxfields@=\count99
\andhelp@=\toks18
\eqnshift@=\dimen112
\alignsep@=\dimen113
\tagshift@=\dimen114
\tagwidth@=\dimen115
\totwidth@=\dimen116
\lineht@=\dimen117
\@envbody=\toks19
\multlinegap=\skip44
\multlinetaggap=\skip45
\mathdisplay@stack=\toks20
LaTeX Info: Redefining \[ on input line 2666.
LaTeX Info: Redefining \] on input line 2667.
) ("C:\Program Files (x86)\MikTex\tex\latex\amsfonts\amssymb.sty"
Package: amssymb 2009/06/22 v3.00
) ("C:\Program Files (x86)\MikTex\tex\latex\tools\dcolumn.sty"
Package: dcolumn 2001/05/28 v1.06 decimal alignment package (DPC)
("C:\Program Files (x86)\MikTex\tex\latex\tools\array.sty"
Package: array 2008/09/09 v2.4c Tabular extension package (FMi)
\col@sep=\dimen118
\extrarowheight=\dimen119
\NC@list=\toks21
\extratabsurround=\skip46
\backup@length=\skip47
)) ("C:\Program Files (x86)\MikTex\tex\latex\multirow\multirow.sty"
\bigstrutjot=\dimen120
) ("C:\Program Files (x86)\MikTex\tex\latex\graphics\epsfig.sty"
Package: epsfig 1999/02/16 v1.7a (e)psfig emulation (SPQR)
\epsfxsize=\dimen121
\epsfysize=\dimen122
) ("C:\Program Files (x86)\MikTex\tex\latex\subfigure\subfigure.sty"
Package: subfigure 2002/07/30 v2.1.4 subfigure package
\subfigtopskip=\skip48
\subfigcapskip=\skip49
\subfigcaptopadj=\dimen123
\subfigbottomskip=\skip50
\subfigcapmargin=\dimen124
\subfiglabelskip=\skip51
\c@subfigure=\count100
\c@lofdepth=\count101
\c@subtable=\count102
\c@lotdepth=\count103
****************************************
* Local config file subfigure.cfg used *
****************************************
("C:\Program Files (x86)\MikTex\tex\latex\subfigure\subfigure.cfg")
\subfig@top=\skip52
\subfig@bottom=\skip53
) ("C:\Program Files (x86)\MikTex\tex\latex\subfloat\subfloat.sty"
Package: subfloat 2003/08/21 version 2.14
Package `subfloat', Version 2.14 of 2003/08/21.

Package subfloat Warning: Numbers of floats not counted:
(subfloat)                If you use one of the counters subfloatfiguremax or
(subfloat)                subfloattablemax you will get strange error messages
(subfloat)                containing \c@subfloatfiguremax or
(subfloat)                \c@subfloattablemax:
(subfloat)                Please switch on countmax or remove the code using
(subfloat)                the counter then..

) ("C:\Program Files (x86)\MikTex\tex\latex\ltxmisc\anysize.sty"
Package: anysize 1994/08/13 1.0 Contributed LaTeX2e package
Package: `anysize' 1.0 <1994/08/13>
\@Leftmargin=\dimen125
\@Rightmargin=\dimen126
\@Topmargin=\dimen127
\@Bottommargin=\dimen128
) ("C:\Program Files (x86)\MikTex\tex\latex\tools\indentfirst.sty"
Package: indentfirst 1995/11/23 v1.03 Indent first paragraph (DPC)
) ("C:\Program Files (x86)\MikTex\tex\latex\setspace\setspace.sty"
Package: setspace 2011/12/19 v6.7a set line spacing
) ("C:\Program Files (x86)\MikTex\tex\latex\tools\verbatim.sty"
Package: verbatim 2003/08/22 v1.5q LaTeX2e package for verbatim enhancements
\every@verbatim=\toks22
\verbatim@line=\toks23
\verbatim@in@stream=\read1
) ("C:\Program Files (x86)\MikTex\tex\latex\rotating\rotating.sty"
Package: rotating 2009/03/28 v2.16a rotated objects in LaTeX
("C:\Program Files (x86)\MikTex\tex\latex\base\ifthen.sty"
Package: ifthen 2001/05/26 v1.1c Standard LaTeX ifthen package (DPC)
)
\c@r@tfl@t=\count104
\rotFPtop=\skip54
\rotFPbot=\skip55
\rot@float@box=\box168
\rot@mess@toks=\toks24
) ("C:\Program Files (x86)\MikTex\tex\latex\paralist\paralist.sty"
Package: paralist 2002/03/18 v2.3b Extended list environments (BS)
\pltopsep=\skip56
\plpartopsep=\skip57
\plitemsep=\skip58
\plparsep=\skip59
\pl@lab=\toks25
) ("C:\Program Files (x86)\MikTex\tex\latex\natbib\natbib.sty"
Package: natbib 2010/09/13 8.31b (PWD, AO)
\bibhang=\skip60
\bibsep=\skip61
LaTeX Info: Redefining \cite on input line 694.
\c@NAT@ctr=\count105
) ("C:\Program Files (x86)\MikTex\tex\latex\float\float.sty"
Package: float 2001/11/08 v1.3d Float enhancements (AL)
\c@float@type=\count106
\float@exts=\toks26
\float@box=\box169
\@float@everytoks=\toks27
\@floatcapt=\box170
) ("C:\Program Files (x86)\MikTex\tex\latex\booktabs\booktabs.sty"
Package: booktabs 2005/04/14 v1.61803 publication quality tables
\heavyrulewidth=\dimen129
\lightrulewidth=\dimen130
\cmidrulewidth=\dimen131
\belowrulesep=\dimen132
\belowbottomsep=\dimen133
\aboverulesep=\dimen134
\abovetopsep=\dimen135
\cmidrulesep=\dimen136
\cmidrulekern=\dimen137
\defaultaddspace=\dimen138
\@cmidla=\count107
\@cmidlb=\count108
\@aboverulesep=\dimen139
\@belowrulesep=\dimen140
\@thisruleclass=\count109
\@lastruleclass=\count110
\@thisrulewidth=\dimen141
) ("C:\Program Files (x86)\MikTex\tex\latex\caption\caption.sty"
Package: caption 2012/02/19 v3.2f Customizing captions (AR)
("C:\Program Files (x86)\MikTex\tex\latex\caption\caption3.sty"
Package: caption3 2012/01/12 v1.4b caption3 kernel (AR)
\captionmargin=\dimen142
\captionmargin@=\dimen143
\captionwidth=\dimen144
\caption@indent=\dimen145
\caption@parindent=\dimen146
\caption@hangindent=\dimen147
)
\c@ContinuedFloat=\count111
Package caption Info: float package is loaded.
Package caption Info: rotating package is loaded.
Package caption Info: subfigure package is loaded.
) ("C:\Program Files (x86)\MikTex\tex\latex\soul\soul.sty"
Package: soul 2003/11/17 v2.4 letterspacing/underlining (mf)
\SOUL@word=\toks28
\SOUL@lasttoken=\toks29
\SOUL@cmds=\toks30
\SOUL@buffer=\toks31
\SOUL@token=\toks32
\SOUL@spaceskip=\skip62
\SOUL@ttwidth=\dimen148
\SOUL@uldp=\dimen149
\SOUL@ulht=\dimen150
) ("C:\Users\Jared\Dropbox\GIS Data REL\SDP\ToolkitSDPdatabuildingtasks.aux")
LaTeX Font Info:    Checking defaults for OML/cmm/m/it on input line 398.
LaTeX Font Info:    ... okay on input line 398.
LaTeX Font Info:    Checking defaults for T1/cmr/m/n on input line 398.
LaTeX Font Info:    ... okay on input line 398.
LaTeX Font Info:    Checking defaults for OT1/cmr/m/n on input line 398.
LaTeX Font Info:    ... okay on input line 398.
LaTeX Font Info:    Checking defaults for OMS/cmsy/m/n on input line 398.
LaTeX Font Info:    ... okay on input line 398.
LaTeX Font Info:    Checking defaults for OMX/cmex/m/n on input line 398.
LaTeX Font Info:    ... okay on input line 398.
LaTeX Font Info:    Checking defaults for U/cmr/m/n on input line 398.
LaTeX Font Info:    ... okay on input line 398.
LaTeX Font Info:    Checking defaults for TS1/cmr/m/n on input line 398.
LaTeX Font Info:    Try loading font information for TS1+cmr on input line 398.

("C:\Program Files (x86)\MikTex\tex\latex\base\ts1cmr.fd"
File: ts1cmr.fd 1999/05/25 v2.5h Standard LaTeX font definitions
)
LaTeX Font Info:    ... okay on input line 398.
("C:\Program Files (x86)\MikTex\tex\context\base\supp-pdf.mkii"
[Loading MPS to PDF converter (version 2006.09.02).]
\scratchcounter=\count112
\scratchdimen=\dimen151
\scratchbox=\box171
\nofMPsegments=\count113
\nofMParguments=\count114
\everyMPshowfont=\toks33
\MPscratchCnt=\count115
\MPscratchDim=\dimen152
\MPnumerator=\count116
\makeMPintoPDFobject=\count117
\everyMPtoPDFconversion=\toks34
)
Package caption Info: Begin \AtBeginDocument code.
Package caption Info: End \AtBeginDocument code.

Underfull \hbox (badness 10000) in paragraph at lines 423--427

 []


Underfull \hbox (badness 10000) in paragraph at lines 428--432

 []


Underfull \hbox (badness 10000) in paragraph at lines 433--435

 []


Underfull \hbox (badness 10000) in paragraph at lines 436--437

 []


Underfull \hbox (badness 10000) in paragraph at lines 438--441

 []


Underfull \hbox (badness 10000) in paragraph at lines 442--443

 []


Underfull \hbox (badness 10000) in paragraph at lines 444--447

 []


Underfull \hbox (badness 10000) in paragraph at lines 449--450

 []

[1

{C:/Users/Jared/AppData/Local/MiKTeX/2.9/pdftex/config/pdftex.map}]
Underfull \hbox (badness 10000) in paragraph at lines 460--467

 []


Overfull \hbox (49.36963pt too wide) in paragraph at lines 483--485
\OT1/cmr/m/n/12 and check your an-swers. The datasets are avail-able for down-l
oad at www.gse.harvard.edu/sdp/tools.
 []


Underfull \hbox (badness 10000) in paragraph at lines 483--485

 []


Underfull \hbox (badness 10000) in paragraph at lines 486--494

 []

[2]
Underfull \hbox (badness 10000) in paragraph at lines 495--498

 []

Missing character: There is no â in font cmr12!
Missing character: There is no € in font cmr12!
Missing character: There is no ™ in font cmr12!

Underfull \hbox (badness 10000) in paragraph at lines 510--511

 []


Underfull \hbox (badness 10000) in paragraph at lines 518--520

 []


Overfull \hbox (16.56581pt too wide) in paragraph at lines 521--524
\OT1/cmr/m/n/12 1. Re-solve in-stances in which the same stu-dent ap-pears with
 dif-fer-ent val-ues for race/ethnicity
 []


Underfull \hbox (badness 10000) in paragraph at lines 521--524

 []

[3]
Underfull \hbox (badness 10000) in paragraph at lines 525--526

 []

LaTeX Font Info:    Font shape `OT1/cmtt/bx/n' in size <12> not available
(Font)              Font shape `OT1/cmtt/m/n' tried instead on input line 534.

Underfull \hbox (badness 10000) in paragraph at lines 542--545

 []


Underfull \hbox (badness 10000) in paragraph at lines 546--551

 []

LaTeX Font Info:    Try loading font information for U+msa on input line 557.
("C:\Program Files (x86)\MikTex\tex\latex\amsfonts\umsa.fd"
File: umsa.fd 2009/06/22 v3.00 AMS symbols A
)
LaTeX Font Info:    Try loading font information for U+msb on input line 557.
("C:\Program Files (x86)\MikTex\tex\latex\amsfonts\umsb.fd"
File: umsb.fd 2009/06/22 v3.00 AMS symbols B
) [4]
Package color Info: Redefining color shadecolor on input line 567.

Overfull \hbox (38.75613pt too wide) in paragraph at lines 576--576
[]\OT1/cmtt/m/n/12 ##  $ school_year   : int  2004 2005 2006 2007 2006 2007 200
5 2006 2007 2005 ...[] 
 []

Package color Info: Redefining color shadecolor on input line 599.
[5]
Underfull \hbox (badness 10000) in paragraph at lines 619--622

 []

Package color Info: Redefining color shadecolor on input line 634.
Package color Info: Redefining color shadecolor on input line 668.

Overfull \hbox (51.10614pt too wide) in paragraph at lines 704--704
[]\OT1/cmtt/m/n/12 ##           Black           Asian        Hispanic Native Am
erican           White[] 
 []


Overfull \hbox (51.10614pt too wide) in paragraph at lines 705--705
[]\OT1/cmtt/m/n/12 ##           40220            6588            7798          
   147            4747[] 
 []


Overfull \hbox (51.10614pt too wide) in paragraph at lines 716--716
[]\OT1/cmtt/m/n/12 ##           Black           Asian        Hispanic Native Am
erican           White[] 
 []


Overfull \hbox (51.10614pt too wide) in paragraph at lines 717--717
[]\OT1/cmtt/m/n/12 ##         67.4764         11.0526         13.0826          
0.2466          7.9640[] 
 []

[6]
Package color Info: Redefining color shadecolor on input line 728.
Package color Info: Redefining color shadecolor on input line 783.
[7]

LaTeX Warning: No positions in optional float specifier.
               Default added (so using `tbp') on input line 791.

<figure/unnamed-chunk-9.pdf, id=33, 505.89pt x 505.89pt>
File: figure/unnamed-chunk-9.pdf Graphic file (type pdf)
<use figure/unnamed-chunk-9.pdf>
Package pdftex.def Info: figure/unnamed-chunk-9.pdf used on input line 794.
(pdftex.def)             Requested size: 341.43785pt x 295.77849pt.
Package color Info: Redefining color shadecolor on input line 810.

Overfull \vbox (0.65747pt too high) detected at line 823
 []

[8 <C:/Users/Jared/Dropbox/GIS Data REL/SDP/figure/unnamed-chunk-9.pdf>]
Package color Info: Redefining color shadecolor on input line 828.

LaTeX Warning: No positions in optional float specifier.
               Default added (so using `tbp') on input line 836.

<figure/unnamed-chunk-11.pdf, id=42, 505.89pt x 505.89pt>
File: figure/unnamed-chunk-11.pdf Graphic file (type pdf)
<use figure/unnamed-chunk-11.pdf>
Package pdftex.def Info: figure/unnamed-chunk-11.pdf used on input line 839.
(pdftex.def)             Requested size: 341.43785pt x 295.77849pt.
Package color Info: Redefining color shadecolor on input line 850.
[9 <C:/Users/Jared/Dropbox/GIS Data REL/SDP/figure/unnamed-chunk-11.pdf>]
Package color Info: Redefining color shadecolor on input line 893.

LaTeX Warning: No positions in optional float specifier.
               Default added (so using `tbp') on input line 901.

<figure/dotplot.pdf, id=51, 505.89pt x 505.89pt>
File: figure/dotplot.pdf Graphic file (type pdf)
<use figure/dotplot.pdf>
Package pdftex.def Info: figure/dotplot.pdf used on input line 904.
(pdftex.def)             Requested size: 432.48639pt x 169.00525pt.
Package color Info: Redefining color shadecolor on input line 918.
[10] [11 <C:/Users/Jared/Dropbox/GIS Data REL/SDP/figure/dotplot.pdf>]
Package color Info: Redefining color shadecolor on input line 985.

LaTeX Warning: No positions in optional float specifier.
               Default added (so using `tbp') on input line 995.

<figure/histogramfinal.pdf, id=64, 361.35pt x 505.89pt>
File: figure/histogramfinal.pdf Graphic file (type pdf)
<use figure/histogramfinal.pdf>
Package pdftex.def Info: figure/histogramfinal.pdf used on input line 998.
(pdftex.def)             Requested size: 318.67268pt x 338.01822pt.
[12] [13 <C:/Users/Jared/Dropbox/GIS Data REL/SDP/figure/histogramfinal.pdf>] (
"C:\Users\Jared\Dropbox\GIS Data REL\SDP\ToolkitSDPdatabuildingtasks.aux") ) 
Here is how much of TeX's memory you used:
 5234 strings out of 494045
 73924 string characters out of 3147581
 143592 words of memory out of 3000000
 8414 multiletter control sequences out of 15000+200000
 17243 words of font info for 68 fonts, out of 3000000 for 9000
 715 hyphenation exceptions out of 8191
 36i,10n,38p,1268b,356s stack positions out of 5000i,500n,10000p,200000b,50000s
 <C
:\Users\Jared\AppData\Local\MiKTeX\2.9\fonts\pk\ljfour\jknappen\ec\dpi600\tctt1
200.pk> <C:\Users\Jared\AppData\Local\MiKTeX\2.9\fonts\pk\ljfour\jknappen\ec\dp
i600\tcrm1200.pk><C:/Program Files (x86)/MikTex/fonts/type1/public/amsfonts/cm/
cmbx12.pfb><C:/Program Files (x86)/MikTex/fonts/type1/public/amsfonts/cm/cmr10.
pfb><C:/Program Files (x86)/MikTex/fonts/type1/public/amsfonts/cm/cmr12.pfb><C:
/Program Files (x86)/MikTex/fonts/type1/public/amsfonts/cm/cmr17.pfb><C:/Progra
m Files (x86)/MikTex/fonts/type1/public/amsfonts/cm/cmr7.pfb><C:/Program Files 
(x86)/MikTex/fonts/type1/public/amsfonts/cm/cmr8.pfb><C:/Program Files (x86)/Mi
kTex/fonts/type1/public/amsfonts/cm/cmtt12.pfb>
Output written on ToolkitSDPdatabuildingtasks.pdf (13 pages, 149132 bytes).
PDF statistics:
 108 PDF objects out of 1000 (max. 8388607)
 0 named destinations out of 1000 (max. 500000)
 21 words of extra memory for PDF output out of 10000 (max. 10000000)

